  Actor.cpp
  ActorManager.cpp
  BoundingSphere.cpp
  AbstractCamera.cpp
  Camera_GameClear.cpp
  Camera_PlayerLockon.cpp
  Camera_PlayerNormal.cpp
  TargetCursor.cpp
  Field.cpp
  Camera.cpp
  Light.cpp
  PlayerGunAttack.cpp
  PlayerSpearAttack.cpp
  PlayerSwordAttack.cpp
  KremlinStateManager.cpp
  Kremlin_Dead.cpp
  EnemyGenerator.cpp
  PlayerHP.cpp
  AbstractPlayer.cpp
  PlayerStateManager.cpp
  コンパイル中...
  Player_Dead.cpp
  Player_GuardBreak.cpp
  Player_Guard.cpp
  Player_Make.cpp
  Player_Normal.cpp
  Player_OpenMenu.cpp
  Player_ShootNormal.cpp
  Player_ShootRapid.cpp
  Player_Shoot.cpp
  Player_SpearDushAttack.cpp
  Player_SpearFirstAttack.cpp
  Player_SpearSecondAttack.cpp
  Player_Stun.cpp
  Player_SwordDushAttack.cpp
  Player_SwordFifthAttack.cpp
  Player_SwordFirstAttack.cpp
  Player_SwordFourthAttack.cpp
  Player_SwordSecondAttack.cpp
  Player_SwordThirdAttack.cpp
  EnemyAttack.cpp
  コンパイル中...
  EnemyBodyAttack.cpp
  EnemyMeteorBullet.cpp
  RapidBullet.cpp
  SpeedBullet.cpp
  BossThink.cpp
  BossThinkResult.cpp
  AbstractBoss.cpp
  BossHitID.cpp
  BossHP.cpp
  Kremlin.cpp
  Kremlin_Down.cpp
  Kremlin_Dush.cpp
  Kremlim_Fire.cpp
  Kremlin_Idle.cpp
  Kremlin_Jump.cpp
  Kremlin_KnockBack.cpp
  Kremlin_Landing.cpp
  Kremlin_LeftRotate.cpp
  Kremlin_Look.cpp
  Kremlin_MoveLeft.cpp
  コンパイル中...
  Kremlin_MoveRight.cpp
  Kremlin_Punch.cpp
  Kremlin_RightRotate.cpp
  Kremlin_Roar.cpp
  BossBody.cpp
  Kremlin_Rush.cpp
  Kremlin_Shoot.cpp
  Kremlin_Wait.cpp
  Kremlin_Walk.cpp
  Explotion.cpp
  Fire.cpp
  Particle.cpp
  Cut.cpp
  Slash.cpp
  Laser.cpp
  SpeedBulletEffect.cpp
  ItemManager.cpp
  Item.cpp
  Shield.cpp
  AbstractMenu.cpp
  コンパイル中...
  MenuCursor.cpp
  MenuIcon.cpp
  MenuPushR.cpp
  MenuChange.cpp
  MenuGunSelect.cpp
  MenuItemSelect.cpp
  MenuMakeTime.cpp
  MenuMake.cpp
  MenuPutWepon.cpp
  MenuSpearSelect.cpp
  MenuSwordSelect.cpp
  MenuUpgrade.cpp
  MenuUse.cpp
  MenuChar.cpp
  MenuSupport.cpp
  Menu.cpp
  SetMenuResult.cpp
  MenuManager.cpp
  MenuClose.cpp
  MenuSelect.cpp
  コンパイル中...
  World.cpp
  GameFrame.cpp
  GameManager.cpp
  main.cpp
  PlayerAttack.cpp
  DogEnemy.cpp
  DogShot.cpp
C:\Program Files (x86)\Microsoft Visual Studio 14.0\VC\include\memory(901): warning C4244: '引数': 'int' から 'float' への変換です。データが失われる可能性があります。
  C:\Program Files (x86)\Microsoft Visual Studio 14.0\VC\include\memory(971): note: コンパイル対象の関数 テンプレート インスタンス化 'std::_Ref_count_obj<_Ty>::_Ref_count_obj<IWorld*&,DogShot*const &,float&,int&,float&,int&,int&>(IWorld *&,DogShot *const &,float &,int &,float &,int &,int &)' のリファレンスを確認してください
          with
          [
              _Ty=EnemyAttack
          ]
  C:\Program Files (x86)\Microsoft Visual Studio 14.0\VC\include\memory(971): note: コンパイル対象の関数 テンプレート インスタンス化 'std::_Ref_count_obj<_Ty>::_Ref_count_obj<IWorld*&,DogShot*const &,float&,int&,float&,int&,int&>(IWorld *&,DogShot *const &,float &,int &,float &,int &,int &)' のリファレンスを確認してください
          with
          [
              _Ty=EnemyAttack
          ]
  c:\users\shoot\desktop\作品\鍛冶屋ロボ ソースコード\kajiyarobo\source\base\actor\actor\ActorPtr/ActorPtr.h(13): note: コンパイル対象の関数 テンプレート インスタンス化 'std::shared_ptr<T> std::make_shared<T,IWorld*&,DogShot*const &,float&,int&,float&,int&,int&>(IWorld *&,DogShot *const &,float &,int &,float &,int &,int &)' のリファレンスを確認してください
          with
          [
              T=EnemyAttack
          ]
  Source\Character\Attack\DogShot\DogShot.cpp(31): note: コンパイル対象の関数 テンプレート インスタンス化 'ActorPtr new_Actor<EnemyAttack,IWorld*&,DogShot*const ,float,int,float,int&,int>(IWorld *&,DogShot *const &&,float &&,int &&,float &&,int &,int &&)' のリファレンスを確認してください
  CharClear.cpp
  ClearBack.cpp
  GameClear.cpp
  RankCharBase.cpp
  RankA.cpp
  RankB.cpp
  RankChar.cpp
  RankC.cpp
  RankS.cpp
  Rank.cpp
  GameOver.cpp
  ScreenClear.cpp
  BackGround.cpp
  コンパイル中...
  BigCursorPosition.cpp
  TitleBigCursor.cpp
  TitleSubCursor.cpp
  TitleCursor.cpp
  TitleIcon.cpp
  TitleScale.cpp
  TitleLogo.cpp
  TitleStart.cpp
  TitleTextureManager.cpp
  AnimationMesh.cpp
  Animation.cpp
  AttackID.cpp
  Math.cpp
  Player.cpp
  GamePlayScene.cpp
  GameTitleScene.cpp
  NullScene.cpp
  SceneManager.cpp
  Move.cpp
  Music.cpp
  コンパイル中...
  Number.cpp
Source\Utility\Number\Number.cpp(25): warning C4018: '<': signed と unsigned の数値を比較しようとしました。
  Renderer.cpp
  WeponParameter.cpp
  Wepon.cpp
  コード生成しています。
  6020 of 9458 functions (63.6%) were compiled, the rest were copied from previous compilation.
    0 functions were new in current compilation
    225 functions had inline decision re-evaluated but remain unchanged
  コード生成が終了しました。
  Kajiyarobo.vcxproj -> C:\Users\shoot\Desktop\作品\鍛冶屋ロボ ソースコード\Release\Kajiyarobo.exe
