c:\users\shoot\desktop\kajiyarobo.ver0.63\kajiyarobo\release\vc140.pdb
c:\users\shoot\desktop\kajiyarobo.ver0.63\kajiyarobo\release\player_spearsecondattack.obj
c:\users\shoot\desktop\kajiyarobo.ver0.63\kajiyarobo\release\player_spearfirstattack.obj
c:\users\shoot\desktop\kajiyarobo.ver0.63\kajiyarobo\release\player_speardushattack.obj
c:\users\shoot\desktop\kajiyarobo.ver0.63\kajiyarobo\release\player_shoot.obj
c:\users\shoot\desktop\kajiyarobo.ver0.63\kajiyarobo\release\player_shootrapid.obj
c:\users\shoot\desktop\kajiyarobo.ver0.63\kajiyarobo\release\player_shootnormal.obj
c:\users\shoot\desktop\kajiyarobo.ver0.63\kajiyarobo\release\player_normal.obj
c:\users\shoot\desktop\kajiyarobo.ver0.63\kajiyarobo\release\player_ally.obj
c:\users\shoot\desktop\kajiyarobo.ver0.63\kajiyarobo\release\playerstatemanager.obj
c:\users\shoot\desktop\kajiyarobo.ver0.63\kajiyarobo\release\abstractplayer.obj
c:\users\shoot\desktop\kajiyarobo.ver0.63\kajiyarobo\release\allyaction.obj
c:\users\shoot\desktop\kajiyarobo.ver0.63\kajiyarobo\release\light.obj
c:\users\shoot\desktop\kajiyarobo.ver0.63\kajiyarobo\release\camera.obj
c:\users\shoot\desktop\kajiyarobo.ver0.63\kajiyarobo\release\field.obj
c:\users\shoot\desktop\kajiyarobo.ver0.63\kajiyarobo\release\camera_playernormal.obj
c:\users\shoot\desktop\kajiyarobo.ver0.63\kajiyarobo\release\abstractcamera.obj
c:\users\shoot\desktop\kajiyarobo.ver0.63\kajiyarobo\release\boundingsphere.obj
c:\users\shoot\desktop\kajiyarobo.ver0.63\kajiyarobo\release\actormanager.obj
c:\users\shoot\desktop\kajiyarobo.ver0.63\kajiyarobo\release\actor.obj
c:\users\shoot\desktop\kajiyarobo.ver0.63\kajiyarobo\release\kremlin_look.obj
c:\users\shoot\desktop\kajiyarobo.ver0.63\kajiyarobo\release\kremlin_leftrotate.obj
c:\users\shoot\desktop\kajiyarobo.ver0.63\kajiyarobo\release\kremlin_idol.obj
c:\users\shoot\desktop\kajiyarobo.ver0.63\kajiyarobo\release\kremlinstate.obj
c:\users\shoot\desktop\kajiyarobo.ver0.63\kajiyarobo\release\kremlinmanager.obj
c:\users\shoot\desktop\kajiyarobo.ver0.63\kajiyarobo\release\kremlinaction.obj
c:\users\shoot\desktop\kajiyarobo.ver0.63\kajiyarobo\release\kremlin.obj
c:\users\shoot\desktop\kajiyarobo.ver0.63\kajiyarobo\release\bossthink.obj
c:\users\shoot\desktop\kajiyarobo.ver0.63\kajiyarobo\release\boss_chicken.obj
c:\users\shoot\desktop\kajiyarobo.ver0.63\kajiyarobo\release\bosshp.obj
c:\users\shoot\desktop\kajiyarobo.ver0.63\kajiyarobo\release\bosshitid.obj
c:\users\shoot\desktop\kajiyarobo.ver0.63\kajiyarobo\release\speedbullet.obj
c:\users\shoot\desktop\kajiyarobo.ver0.63\kajiyarobo\release\rapidbullet.obj
c:\users\shoot\desktop\kajiyarobo.ver0.63\kajiyarobo\release\player_swordthirdattack.obj
c:\users\shoot\desktop\kajiyarobo.ver0.63\kajiyarobo\release\player_swordsecondattack.obj
c:\users\shoot\desktop\kajiyarobo.ver0.63\kajiyarobo\release\player_swordfourthattack.obj
c:\users\shoot\desktop\kajiyarobo.ver0.63\kajiyarobo\release\player_swordfirstattack.obj
c:\users\shoot\desktop\kajiyarobo.ver0.63\kajiyarobo\release\player_swordfifthattack.obj
c:\users\shoot\desktop\kajiyarobo.ver0.63\kajiyarobo\release\player_sworddushattack.obj
c:\users\shoot\desktop\kajiyarobo.ver0.63\kajiyarobo\release\player_spearthirdattack.obj
c:\users\shoot\desktop\kajiyarobo.ver0.63\kajiyarobo\release\gameframe.obj
c:\users\shoot\desktop\kajiyarobo.ver0.63\kajiyarobo\release\world.obj
c:\users\shoot\desktop\kajiyarobo.ver0.63\kajiyarobo\release\texture.obj
c:\users\shoot\desktop\kajiyarobo.ver0.63\kajiyarobo\release\setsword.obj
c:\users\shoot\desktop\kajiyarobo.ver0.63\kajiyarobo\release\seticon.obj
c:\users\shoot\desktop\kajiyarobo.ver0.63\kajiyarobo\release\selecticon.obj
c:\users\shoot\desktop\kajiyarobo.ver0.63\kajiyarobo\release\menudecision.obj
c:\users\shoot\desktop\kajiyarobo.ver0.63\kajiyarobo\release\icon.obj
c:\users\shoot\desktop\kajiyarobo.ver0.63\kajiyarobo\release\speedbulleteffect.obj
c:\users\shoot\desktop\kajiyarobo.ver0.63\kajiyarobo\release\laser.obj
c:\users\shoot\desktop\kajiyarobo.ver0.63\kajiyarobo\release\slash.obj
c:\users\shoot\desktop\kajiyarobo.ver0.63\kajiyarobo\release\cut.obj
c:\users\shoot\desktop\kajiyarobo.ver0.63\kajiyarobo\release\particle.obj
c:\users\shoot\desktop\kajiyarobo.ver0.63\kajiyarobo\release\fire.obj
c:\users\shoot\desktop\kajiyarobo.ver0.63\kajiyarobo\release\explotion.obj
c:\users\shoot\desktop\kajiyarobo.ver0.63\kajiyarobo\release\kremlinthink.obj
c:\users\shoot\desktop\kajiyarobo.ver0.63\kajiyarobo\release\bossbody.obj
c:\users\shoot\desktop\kajiyarobo.ver0.63\kajiyarobo\release\kremlin_roar.obj
c:\users\shoot\desktop\kajiyarobo.ver0.63\kajiyarobo\release\kremlin_rightrotate.obj
c:\users\shoot\desktop\kajiyarobo.ver0.63\kajiyarobo\release\kremlin_null.obj
c:\users\shoot\desktop\kajiyarobo.ver0.63\kajiyarobo\release\renderer.obj
c:\users\shoot\desktop\kajiyarobo.ver0.63\kajiyarobo\release\move.obj
c:\users\shoot\desktop\kajiyarobo.ver0.63\kajiyarobo\release\scenemanager.obj
c:\users\shoot\desktop\kajiyarobo.ver0.63\kajiyarobo\release\nullscene.obj
c:\users\shoot\desktop\kajiyarobo.ver0.63\kajiyarobo\release\gametitlescene.obj
c:\users\shoot\desktop\kajiyarobo.ver0.63\kajiyarobo\release\gameplayscene.obj
c:\users\shoot\desktop\kajiyarobo.ver0.63\kajiyarobo\release\gameoverscene.obj
c:\users\shoot\desktop\kajiyarobo.ver0.63\kajiyarobo\release\object.obj
c:\users\shoot\desktop\kajiyarobo.ver0.63\kajiyarobo\release\player.obj
c:\users\shoot\desktop\kajiyarobo.ver0.63\kajiyarobo\release\enemyrokka.obj
c:\users\shoot\desktop\kajiyarobo.ver0.63\kajiyarobo\release\math.obj
c:\users\shoot\desktop\kajiyarobo.ver0.63\kajiyarobo\release\attackid.obj
c:\users\shoot\desktop\kajiyarobo.ver0.63\kajiyarobo\release\animation.obj
c:\users\shoot\desktop\kajiyarobo.ver0.63\kajiyarobo\release\animationmesh.obj
c:\users\shoot\desktop\kajiyarobo.ver0.63\kajiyarobo\release\dogshot.obj
c:\users\shoot\desktop\kajiyarobo.ver0.63\kajiyarobo\release\dogenemy.obj
c:\users\shoot\desktop\kajiyarobo.ver0.63\kajiyarobo\release\playerattack.obj
c:\users\shoot\desktop\kajiyarobo.ver0.63\kajiyarobo\release\ally.obj
c:\users\shoot\desktop\kajiyarobo.ver0.63\kajiyarobo\release\main.obj
c:\users\shoot\desktop\kajiyarobo.ver0.63\kajiyarobo\release\gamemanager.obj
c:\users\shoot\desktop\kajiyarobo.ver0.63\kajiyarobo\release\wepon.obj
c:\users\shoot\desktop\kajiyarobo.ver0.63\kajiyarobo\release\weponparameter.obj
c:\users\shoot\desktop\kajiyarobo.ver0.63\kajiyarobo\release\targetenemy.obj
c:\users\shoot\desktop\kajiyarobo.ver0.63\release\kajiyarobo.exe
c:\users\shoot\desktop\kajiyarobo.ver0.63\release\kajiyarobo.ipdb
c:\users\shoot\desktop\kajiyarobo.ver0.63\release\kajiyarobo.iobj
c:\users\shoot\desktop\kajiyarobo.ver0.63\release\kajiyarobo.pdb
c:\users\shoot\desktop\kajiyarobo.ver0.63\kajiyarobo\release\kajiyarobo.tlog\cl.command.1.tlog
c:\users\shoot\desktop\kajiyarobo.ver0.63\kajiyarobo\release\kajiyarobo.tlog\cl.read.1.tlog
c:\users\shoot\desktop\kajiyarobo.ver0.63\kajiyarobo\release\kajiyarobo.tlog\cl.write.1.tlog
c:\users\shoot\desktop\kajiyarobo.ver0.63\kajiyarobo\release\kajiyarobo.tlog\link.command.1.tlog
c:\users\shoot\desktop\kajiyarobo.ver0.63\kajiyarobo\release\kajiyarobo.tlog\link.read.1.tlog
c:\users\shoot\desktop\kajiyarobo.ver0.63\kajiyarobo\release\kajiyarobo.tlog\link.write.1.tlog
