c:\users\shoot\desktop\kajiyarobo.ver0.84\kajiyarobo\debug\vc140.pdb
c:\users\shoot\desktop\kajiyarobo.ver0.84\kajiyarobo\debug\vc140.idb
c:\users\shoot\desktop\kajiyarobo.ver0.84\kajiyarobo\debug\ally.obj
c:\users\shoot\desktop\kajiyarobo.ver0.84\kajiyarobo\debug\playerattack.obj
c:\users\shoot\desktop\kajiyarobo.ver0.84\kajiyarobo\debug\dogenemy.obj
c:\users\shoot\desktop\kajiyarobo.ver0.84\kajiyarobo\debug\dogshot.obj
c:\users\shoot\desktop\kajiyarobo.ver0.84\kajiyarobo\debug\animationmesh.obj
c:\users\shoot\desktop\kajiyarobo.ver0.84\kajiyarobo\debug\animation.obj
c:\users\shoot\desktop\kajiyarobo.ver0.84\kajiyarobo\debug\attackid.obj
c:\users\shoot\desktop\kajiyarobo.ver0.84\kajiyarobo\debug\math.obj
c:\users\shoot\desktop\kajiyarobo.ver0.84\kajiyarobo\debug\enemyrokka.obj
c:\users\shoot\desktop\kajiyarobo.ver0.84\kajiyarobo\debug\player.obj
c:\users\shoot\desktop\kajiyarobo.ver0.84\kajiyarobo\debug\gameoverscene.obj
c:\users\shoot\desktop\kajiyarobo.ver0.84\kajiyarobo\debug\gameplayscene.obj
c:\users\shoot\desktop\kajiyarobo.ver0.84\kajiyarobo\debug\gametitlescene.obj
c:\users\shoot\desktop\kajiyarobo.ver0.84\kajiyarobo\debug\nullscene.obj
c:\users\shoot\desktop\kajiyarobo.ver0.84\kajiyarobo\debug\scenemanager.obj
c:\users\shoot\desktop\kajiyarobo.ver0.84\kajiyarobo\debug\move.obj
c:\users\shoot\desktop\kajiyarobo.ver0.84\kajiyarobo\debug\music.obj
c:\users\shoot\desktop\kajiyarobo.ver0.84\kajiyarobo\debug\renderer.obj
c:\users\shoot\desktop\kajiyarobo.ver0.84\kajiyarobo\debug\weponparameter.obj
c:\users\shoot\desktop\kajiyarobo.ver0.84\kajiyarobo\debug\wepon.obj
c:\users\shoot\desktop\kajiyarobo.ver0.84\kajiyarobo\debug\menucursor.obj
c:\users\shoot\desktop\kajiyarobo.ver0.84\kajiyarobo\debug\menuchange.obj
c:\users\shoot\desktop\kajiyarobo.ver0.84\kajiyarobo\debug\menugunselect.obj
c:\users\shoot\desktop\kajiyarobo.ver0.84\kajiyarobo\debug\menuitemselect.obj
c:\users\shoot\desktop\kajiyarobo.ver0.84\kajiyarobo\debug\menumaketime.obj
c:\users\shoot\desktop\kajiyarobo.ver0.84\kajiyarobo\debug\menumake.obj
c:\users\shoot\desktop\kajiyarobo.ver0.84\kajiyarobo\debug\menuputwepon.obj
c:\users\shoot\desktop\kajiyarobo.ver0.84\kajiyarobo\debug\menuspearselect.obj
c:\users\shoot\desktop\kajiyarobo.ver0.84\kajiyarobo\debug\menuswordselect.obj
c:\users\shoot\desktop\kajiyarobo.ver0.84\kajiyarobo\debug\menuupgrade.obj
c:\users\shoot\desktop\kajiyarobo.ver0.84\kajiyarobo\debug\menuuse.obj
c:\users\shoot\desktop\kajiyarobo.ver0.84\kajiyarobo\debug\menu.obj
c:\users\shoot\desktop\kajiyarobo.ver0.84\kajiyarobo\debug\setmenuresult.obj
c:\users\shoot\desktop\kajiyarobo.ver0.84\kajiyarobo\debug\menumanager.obj
c:\users\shoot\desktop\kajiyarobo.ver0.84\kajiyarobo\debug\menuclose.obj
c:\users\shoot\desktop\kajiyarobo.ver0.84\kajiyarobo\debug\menuselect.obj
c:\users\shoot\desktop\kajiyarobo.ver0.84\kajiyarobo\debug\world.obj
c:\users\shoot\desktop\kajiyarobo.ver0.84\kajiyarobo\debug\gameframe.obj
c:\users\shoot\desktop\kajiyarobo.ver0.84\kajiyarobo\debug\gamemanager.obj
c:\users\shoot\desktop\kajiyarobo.ver0.84\kajiyarobo\debug\main.obj
c:\users\shoot\desktop\kajiyarobo.ver0.84\kajiyarobo\debug\kremlin_moveright.obj
c:\users\shoot\desktop\kajiyarobo.ver0.84\kajiyarobo\debug\kremlin_punch.obj
c:\users\shoot\desktop\kajiyarobo.ver0.84\kajiyarobo\debug\kremlin_rightrotate.obj
c:\users\shoot\desktop\kajiyarobo.ver0.84\kajiyarobo\debug\kremlin_roar.obj
c:\users\shoot\desktop\kajiyarobo.ver0.84\kajiyarobo\debug\bossbody.obj
c:\users\shoot\desktop\kajiyarobo.ver0.84\kajiyarobo\debug\kremlin_rush.obj
c:\users\shoot\desktop\kajiyarobo.ver0.84\kajiyarobo\debug\kremlin_shoot.obj
c:\users\shoot\desktop\kajiyarobo.ver0.84\kajiyarobo\debug\kremlin_wait.obj
c:\users\shoot\desktop\kajiyarobo.ver0.84\kajiyarobo\debug\kremlin_walk.obj
c:\users\shoot\desktop\kajiyarobo.ver0.84\kajiyarobo\debug\explotion.obj
c:\users\shoot\desktop\kajiyarobo.ver0.84\kajiyarobo\debug\fire.obj
c:\users\shoot\desktop\kajiyarobo.ver0.84\kajiyarobo\debug\particle.obj
c:\users\shoot\desktop\kajiyarobo.ver0.84\kajiyarobo\debug\cut.obj
c:\users\shoot\desktop\kajiyarobo.ver0.84\kajiyarobo\debug\slash.obj
c:\users\shoot\desktop\kajiyarobo.ver0.84\kajiyarobo\debug\laser.obj
c:\users\shoot\desktop\kajiyarobo.ver0.84\kajiyarobo\debug\speedbulleteffect.obj
c:\users\shoot\desktop\kajiyarobo.ver0.84\kajiyarobo\debug\itemmanager.obj
c:\users\shoot\desktop\kajiyarobo.ver0.84\kajiyarobo\debug\item.obj
c:\users\shoot\desktop\kajiyarobo.ver0.84\kajiyarobo\debug\shield.obj
c:\users\shoot\desktop\kajiyarobo.ver0.84\kajiyarobo\debug\abstractmenu.obj
c:\users\shoot\desktop\kajiyarobo.ver0.84\kajiyarobo\debug\enemybodyattack.obj
c:\users\shoot\desktop\kajiyarobo.ver0.84\kajiyarobo\debug\enemymeteorbullet.obj
c:\users\shoot\desktop\kajiyarobo.ver0.84\kajiyarobo\debug\rapidbullet.obj
c:\users\shoot\desktop\kajiyarobo.ver0.84\kajiyarobo\debug\speedbullet.obj
c:\users\shoot\desktop\kajiyarobo.ver0.84\kajiyarobo\debug\bossthink.obj
c:\users\shoot\desktop\kajiyarobo.ver0.84\kajiyarobo\debug\bossthinkresult.obj
c:\users\shoot\desktop\kajiyarobo.ver0.84\kajiyarobo\debug\abstractboss.obj
c:\users\shoot\desktop\kajiyarobo.ver0.84\kajiyarobo\debug\bosshitid.obj
c:\users\shoot\desktop\kajiyarobo.ver0.84\kajiyarobo\debug\bosshp.obj
c:\users\shoot\desktop\kajiyarobo.ver0.84\kajiyarobo\debug\kremlin.obj
c:\users\shoot\desktop\kajiyarobo.ver0.84\kajiyarobo\debug\kremlin_down.obj
c:\users\shoot\desktop\kajiyarobo.ver0.84\kajiyarobo\debug\kremlin_dush.obj
c:\users\shoot\desktop\kajiyarobo.ver0.84\kajiyarobo\debug\kremlim_fire.obj
c:\users\shoot\desktop\kajiyarobo.ver0.84\kajiyarobo\debug\kremlin_idol.obj
c:\users\shoot\desktop\kajiyarobo.ver0.84\kajiyarobo\debug\kremlin_jump.obj
c:\users\shoot\desktop\kajiyarobo.ver0.84\kajiyarobo\debug\kremlin_knockback.obj
c:\users\shoot\desktop\kajiyarobo.ver0.84\kajiyarobo\debug\kremlin_landing.obj
c:\users\shoot\desktop\kajiyarobo.ver0.84\kajiyarobo\debug\kremlin_leftrotate.obj
c:\users\shoot\desktop\kajiyarobo.ver0.84\kajiyarobo\debug\kremlin_look.obj
c:\users\shoot\desktop\kajiyarobo.ver0.84\kajiyarobo\debug\kremlin_moveleft.obj
c:\users\shoot\desktop\kajiyarobo.ver0.84\kajiyarobo\debug\playerstatemanager.obj
c:\users\shoot\desktop\kajiyarobo.ver0.84\kajiyarobo\debug\player_ally.obj
c:\users\shoot\desktop\kajiyarobo.ver0.84\kajiyarobo\debug\player_guardbreak.obj
c:\users\shoot\desktop\kajiyarobo.ver0.84\kajiyarobo\debug\player_guard.obj
c:\users\shoot\desktop\kajiyarobo.ver0.84\kajiyarobo\debug\player_make.obj
c:\users\shoot\desktop\kajiyarobo.ver0.84\kajiyarobo\debug\player_normal.obj
c:\users\shoot\desktop\kajiyarobo.ver0.84\kajiyarobo\debug\player_openmenu.obj
c:\users\shoot\desktop\kajiyarobo.ver0.84\kajiyarobo\debug\player_shootnormal.obj
c:\users\shoot\desktop\kajiyarobo.ver0.84\kajiyarobo\debug\player_shootrapid.obj
c:\users\shoot\desktop\kajiyarobo.ver0.84\kajiyarobo\debug\player_shoot.obj
c:\users\shoot\desktop\kajiyarobo.ver0.84\kajiyarobo\debug\player_speardushattack.obj
c:\users\shoot\desktop\kajiyarobo.ver0.84\kajiyarobo\debug\player_spearfirstattack.obj
c:\users\shoot\desktop\kajiyarobo.ver0.84\kajiyarobo\debug\player_spearsecondattack.obj
c:\users\shoot\desktop\kajiyarobo.ver0.84\kajiyarobo\debug\player_sworddushattack.obj
c:\users\shoot\desktop\kajiyarobo.ver0.84\kajiyarobo\debug\player_swordfifthattack.obj
c:\users\shoot\desktop\kajiyarobo.ver0.84\kajiyarobo\debug\player_swordfirstattack.obj
c:\users\shoot\desktop\kajiyarobo.ver0.84\kajiyarobo\debug\player_swordfourthattack.obj
c:\users\shoot\desktop\kajiyarobo.ver0.84\kajiyarobo\debug\player_swordsecondattack.obj
c:\users\shoot\desktop\kajiyarobo.ver0.84\kajiyarobo\debug\player_swordthirdattack.obj
c:\users\shoot\desktop\kajiyarobo.ver0.84\kajiyarobo\debug\enemyattack.obj
c:\users\shoot\desktop\kajiyarobo.ver0.84\kajiyarobo\debug\actor.obj
c:\users\shoot\desktop\kajiyarobo.ver0.84\kajiyarobo\debug\actormanager.obj
c:\users\shoot\desktop\kajiyarobo.ver0.84\kajiyarobo\debug\boundingsphere.obj
c:\users\shoot\desktop\kajiyarobo.ver0.84\kajiyarobo\debug\abstractcamera.obj
c:\users\shoot\desktop\kajiyarobo.ver0.84\kajiyarobo\debug\camera_allylockon.obj
c:\users\shoot\desktop\kajiyarobo.ver0.84\kajiyarobo\debug\camera_allynormal.obj
c:\users\shoot\desktop\kajiyarobo.ver0.84\kajiyarobo\debug\camera_playerlockon.obj
c:\users\shoot\desktop\kajiyarobo.ver0.84\kajiyarobo\debug\camera_playernormal.obj
c:\users\shoot\desktop\kajiyarobo.ver0.84\kajiyarobo\debug\targetcursor.obj
c:\users\shoot\desktop\kajiyarobo.ver0.84\kajiyarobo\debug\field.obj
c:\users\shoot\desktop\kajiyarobo.ver0.84\kajiyarobo\debug\camera.obj
c:\users\shoot\desktop\kajiyarobo.ver0.84\kajiyarobo\debug\light.obj
c:\users\shoot\desktop\kajiyarobo.ver0.84\kajiyarobo\debug\allyaction.obj
c:\users\shoot\desktop\kajiyarobo.ver0.84\kajiyarobo\debug\playerhp.obj
c:\users\shoot\desktop\kajiyarobo.ver0.84\kajiyarobo\debug\abstractplayer.obj
c:\users\shoot\desktop\kajiyarobo.ver0.84\debug\kajiyarobo.ilk
c:\users\shoot\desktop\kajiyarobo.ver0.84\debug\kajiyarobo.exe
c:\users\shoot\desktop\kajiyarobo.ver0.84\debug\kajiyarobo.pdb
c:\users\shoot\desktop\kajiyarobo.ver0.84\kajiyarobo\debug\kajiyarobo.tlog\cl.command.1.tlog
c:\users\shoot\desktop\kajiyarobo.ver0.84\kajiyarobo\debug\kajiyarobo.tlog\cl.read.1.tlog
c:\users\shoot\desktop\kajiyarobo.ver0.84\kajiyarobo\debug\kajiyarobo.tlog\cl.write.1.tlog
c:\users\shoot\desktop\kajiyarobo.ver0.84\kajiyarobo\debug\kajiyarobo.tlog\link.command.1.tlog
c:\users\shoot\desktop\kajiyarobo.ver0.84\kajiyarobo\debug\kajiyarobo.tlog\link.read.1.tlog
c:\users\shoot\desktop\kajiyarobo.ver0.84\kajiyarobo\debug\kajiyarobo.tlog\link.write.1.tlog
